This is pdfTeX, Version 3.141592653-2.6-1.40.24 (TeX Live 2022) (preloaded format=pdflatex 2022.11.10)  13 DEC 2022 23:40
entering extended mode
 restricted \write18 enabled.
 %&-line parsing enabled.
**TP_ultime.tex
(./TP_ultime.tex
LaTeX2e <2022-11-01>
L3 programming layer <2022-11-02> (c:/Users/ilias/AppData/Roaming/TinyTeX/texmf-dist/tex/latex/base/article.cls
Document Class: article 2022/07/02 v1.4n Standard LaTeX document class
(c:/Users/ilias/AppData/Roaming/TinyTeX/texmf-dist/tex/latex/base/size10.clo
File: size10.clo 2022/07/02 v1.4n Standard LaTeX file (size option)
)
\c@part=\count185
\c@section=\count186
\c@subsection=\count187
\c@subsubsection=\count188
\c@paragraph=\count189
\c@subparagraph=\count190
\c@figure=\count191
\c@table=\count192
\abovecaptionskip=\skip47
\belowcaptionskip=\skip48
\bibindent=\dimen140
) (c:/Users/ilias/AppData/Roaming/TinyTeX/texmf-dist/tex/latex/amsmath/amsmath.sty
Package: amsmath 2022/04/08 v2.17n AMS math features
\@mathmargin=\skip49
For additional information on amsmath, use the `?' option.
(c:/Users/ilias/AppData/Roaming/TinyTeX/texmf-dist/tex/latex/amsmath/amstext.sty
Package: amstext 2021/08/26 v2.01 AMS text
(c:/Users/ilias/AppData/Roaming/TinyTeX/texmf-dist/tex/latex/amsmath/amsgen.sty
File: amsgen.sty 1999/11/30 v2.0 generic functions
\@emptytoks=\toks16
\ex@=\dimen141
)) (c:/Users/ilias/AppData/Roaming/TinyTeX/texmf-dist/tex/latex/amsmath/amsbsy.sty
Package: amsbsy 1999/11/29 v1.2d Bold Symbols
\pmbraise@=\dimen142
) (c:/Users/ilias/AppData/Roaming/TinyTeX/texmf-dist/tex/latex/amsmath/amsopn.sty
Package: amsopn 2022/04/08 v2.04 operator names
)
\inf@bad=\count193
LaTeX Info: Redefining \frac on input line 234.
\uproot@=\count194
\leftroot@=\count195
LaTeX Info: Redefining \overline on input line 399.
LaTeX Info: Redefining \colon on input line 410.
\classnum@=\count196
\DOTSCASE@=\count197
LaTeX Info: Redefining \ldots on input line 496.
LaTeX Info: Redefining \dots on input line 499.
LaTeX Info: Redefining \cdots on input line 620.
\Mathstrutbox@=\box51
\strutbox@=\box52
LaTeX Info: Redefining \big on input line 722.
LaTeX Info: Redefining \Big on input line 723.
LaTeX Info: Redefining \bigg on input line 724.
LaTeX Info: Redefining \Bigg on input line 725.
\big@size=\dimen143
LaTeX Font Info:    Redeclaring font encoding OML on input line 743.
LaTeX Font Info:    Redeclaring font encoding OMS on input line 744.
\macc@depth=\count198
LaTeX Info: Redefining \bmod on input line 905.
LaTeX Info: Redefining \pmod on input line 910.
LaTeX Info: Redefining \smash on input line 940.
LaTeX Info: Redefining \relbar on input line 970.
LaTeX Info: Redefining \Relbar on input line 971.
\c@MaxMatrixCols=\count199
\dotsspace@=\muskip16
\c@parentequation=\count266
\dspbrk@lvl=\count267
\tag@help=\toks17
\row@=\count268
\column@=\count269
\maxfields@=\count270
\andhelp@=\toks18
\eqnshift@=\dimen144
\alignsep@=\dimen145
\tagshift@=\dimen146
\tagwidth@=\dimen147
\totwidth@=\dimen148
\lineht@=\dimen149
\@envbody=\toks19
\multlinegap=\skip50
\multlinetaggap=\skip51
\mathdisplay@stack=\toks20
LaTeX Info: Redefining \[ on input line 2953.
LaTeX Info: Redefining \] on input line 2954.
) (c:/Users/ilias/AppData/Roaming/TinyTeX/texmf-dist/tex/latex/amsfonts/amssymb.sty
Package: amssymb 2013/01/14 v3.01 AMS font symbols
(c:/Users/ilias/AppData/Roaming/TinyTeX/texmf-dist/tex/latex/amsfonts/amsfonts.sty
Package: amsfonts 2013/01/14 v3.01 Basic AMSFonts support
\symAMSa=\mathgroup4
\symAMSb=\mathgroup5
LaTeX Font Info:    Redeclaring math symbol \hbar on input line 98.
LaTeX Font Info:    Overwriting math alphabet `\mathfrak' in version `bold'
(Font)                  U/euf/m/n --> U/euf/b/n on input line 106.
)) (c:/Users/ilias/AppData/Roaming/TinyTeX/texmf-dist/tex/latex/lm/lmodern.sty
Package: lmodern 2015/05/01 v1.6.1 Latin Modern Fonts
LaTeX Font Info:    Overwriting symbol font `operators' in version `normal'
(Font)                  OT1/cmr/m/n --> OT1/lmr/m/n on input line 22.
LaTeX Font Info:    Overwriting symbol font `letters' in version `normal'
(Font)                  OML/cmm/m/it --> OML/lmm/m/it on input line 23.
LaTeX Font Info:    Overwriting symbol font `symbols' in version `normal'
(Font)                  OMS/cmsy/m/n --> OMS/lmsy/m/n on input line 24.
LaTeX Font Info:    Overwriting symbol font `largesymbols' in version `normal'
(Font)                  OMX/cmex/m/n --> OMX/lmex/m/n on input line 25.
LaTeX Font Info:    Overwriting symbol font `operators' in version `bold'
(Font)                  OT1/cmr/bx/n --> OT1/lmr/bx/n on input line 26.
LaTeX Font Info:    Overwriting symbol font `letters' in version `bold'
(Font)                  OML/cmm/b/it --> OML/lmm/b/it on input line 27.
LaTeX Font Info:    Overwriting symbol font `symbols' in version `bold'
(Font)                  OMS/cmsy/b/n --> OMS/lmsy/b/n on input line 28.
LaTeX Font Info:    Overwriting symbol font `largesymbols' in version `bold'
(Font)                  OMX/cmex/m/n --> OMX/lmex/m/n on input line 29.
LaTeX Font Info:    Overwriting math alphabet `\mathbf' in version `normal'
(Font)                  OT1/cmr/bx/n --> OT1/lmr/bx/n on input line 31.
LaTeX Font Info:    Overwriting math alphabet `\mathsf' in version `normal'
(Font)                  OT1/cmss/m/n --> OT1/lmss/m/n on input line 32.
LaTeX Font Info:    Overwriting math alphabet `\mathit' in version `normal'
(Font)                  OT1/cmr/m/it --> OT1/lmr/m/it on input line 33.
LaTeX Font Info:    Overwriting math alphabet `\mathtt' in version `normal'
(Font)                  OT1/cmtt/m/n --> OT1/lmtt/m/n on input line 34.
LaTeX Font Info:    Overwriting math alphabet `\mathbf' in version `bold'
(Font)                  OT1/cmr/bx/n --> OT1/lmr/bx/n on input line 35.
LaTeX Font Info:    Overwriting math alphabet `\mathsf' in version `bold'
(Font)                  OT1/cmss/bx/n --> OT1/lmss/bx/n on input line 36.
LaTeX Font Info:    Overwriting math alphabet `\mathit' in version `bold'
(Font)                  OT1/cmr/bx/it --> OT1/lmr/bx/it on input line 37.
LaTeX Font Info:    Overwriting math alphabet `\mathtt' in version `bold'
(Font)                  OT1/cmtt/m/n --> OT1/lmtt/m/n on input line 38.
) (c:/Users/ilias/AppData/Roaming/TinyTeX/texmf-dist/tex/generic/iftex/iftex.sty
Package: iftex 2022/02/03 v1.0f TeX engine tests
) (c:/Users/ilias/AppData/Roaming/TinyTeX/texmf-dist/tex/latex/base/fontenc.sty
Package: fontenc 2021/04/29 v2.0v Standard LaTeX package
LaTeX Font Info:    Trying to load font information for T1+lmr on input line 112.
(c:/Users/ilias/AppData/Roaming/TinyTeX/texmf-dist/tex/latex/lm/t1lmr.fd
File: t1lmr.fd 2015/05/01 v1.6.1 Font defs for Latin Modern
)) (c:/Users/ilias/AppData/Roaming/TinyTeX/texmf-dist/tex/latex/base/inputenc.sty
Package: inputenc 2021/02/14 v1.3d Input encoding file
\inpenc@prehook=\toks21
\inpenc@posthook=\toks22
) (c:/Users/ilias/AppData/Roaming/TinyTeX/texmf-dist/tex/latex/base/textcomp.sty
Package: textcomp 2020/02/02 v2.0n Standard LaTeX package
) (c:/Users/ilias/AppData/Roaming/TinyTeX/texmf-dist/tex/latex/xcolor/xcolor.sty
Package: xcolor 2022/06/12 v2.14 LaTeX color extensions (UK)
(c:/Users/ilias/AppData/Roaming/TinyTeX/texmf-dist/tex/latex/graphics-cfg/color.cfg
File: color.cfg 2016/01/02 v1.6 sample color configuration
)
Package xcolor Info: Driver file: pdftex.def on input line 227.
(c:/Users/ilias/AppData/Roaming/TinyTeX/texmf-dist/tex/latex/graphics-def/pdftex.def
File: pdftex.def 2022/09/22 v1.2b Graphics/color driver for pdftex
) (c:/Users/ilias/AppData/Roaming/TinyTeX/texmf-dist/tex/latex/graphics/mathcolor.ltx)
Package xcolor Info: Model `cmy' substituted by `cmy0' on input line 1353.
Package xcolor Info: Model `hsb' substituted by `rgb' on input line 1357.
Package xcolor Info: Model `RGB' extended on input line 1369.
Package xcolor Info: Model `HTML' substituted by `rgb' on input line 1371.
Package xcolor Info: Model `Hsb' substituted by `hsb' on input line 1372.
Package xcolor Info: Model `tHsb' substituted by `hsb' on input line 1373.
Package xcolor Info: Model `HSB' substituted by `hsb' on input line 1374.
Package xcolor Info: Model `Gray' substituted by `gray' on input line 1375.
Package xcolor Info: Model `wave' substituted by `hsb' on input line 1376.
) (c:/Users/ilias/AppData/Roaming/TinyTeX/texmf-dist/tex/latex/geometry/geometry.sty
Package: geometry 2020/01/02 v5.9 Page Geometry
(c:/Users/ilias/AppData/Roaming/TinyTeX/texmf-dist/tex/latex/graphics/keyval.sty
Package: keyval 2022/05/29 v1.15 key=value parser (DPC)
\KV@toks@=\toks23
) (c:/Users/ilias/AppData/Roaming/TinyTeX/texmf-dist/tex/generic/iftex/ifvtex.sty
Package: ifvtex 2019/10/25 v1.7 ifvtex legacy package. Use iftex instead.
)
\Gm@cnth=\count271
\Gm@cntv=\count272
\c@Gm@tempcnt=\count273
\Gm@bindingoffset=\dimen150
\Gm@wd@mp=\dimen151
\Gm@odd@mp=\dimen152
\Gm@even@mp=\dimen153
\Gm@layoutwidth=\dimen154
\Gm@layoutheight=\dimen155
\Gm@layouthoffset=\dimen156
\Gm@layoutvoffset=\dimen157
\Gm@dimlist=\toks24
) (c:/Users/ilias/AppData/Roaming/TinyTeX/texmf-dist/tex/latex/tools/longtable.sty
Package: longtable 2021-09-01 v4.17 Multi-page Table package (DPC)
\LTleft=\skip52
\LTright=\skip53
\LTpre=\skip54
\LTpost=\skip55
\LTchunksize=\count274
\LTcapwidth=\dimen158
\LT@head=\box53
\LT@firsthead=\box54
\LT@foot=\box55
\LT@lastfoot=\box56
\LT@gbox=\box57
\LT@cols=\count275
\LT@rows=\count276
\c@LT@tables=\count277
\c@LT@chunks=\count278
\LT@p@ftn=\toks25
) (c:/Users/ilias/AppData/Roaming/TinyTeX/texmf-dist/tex/latex/booktabs/booktabs.sty
Package: booktabs 2020/01/12 v1.61803398 Publication quality tables
\heavyrulewidth=\dimen159
\lightrulewidth=\dimen160
\cmidrulewidth=\dimen161
\belowrulesep=\dimen162
\belowbottomsep=\dimen163
\aboverulesep=\dimen164
\abovetopsep=\dimen165
\cmidrulesep=\dimen166
\cmidrulekern=\dimen167
\defaultaddspace=\dimen168
\@cmidla=\count279
\@cmidlb=\count280
\@aboverulesep=\dimen169
\@belowrulesep=\dimen170
\@thisruleclass=\count281
\@lastruleclass=\count282
\@thisrulewidth=\dimen171
) (c:/Users/ilias/AppData/Roaming/TinyTeX/texmf-dist/tex/latex/tools/array.sty
Package: array 2022/09/04 v2.5g Tabular extension package (FMi)
\col@sep=\dimen172
\ar@mcellbox=\box58
\extrarowheight=\dimen173
\NC@list=\toks26
\extratabsurround=\skip56
\backup@length=\skip57
\ar@cellbox=\box59
) (c:/Users/ilias/AppData/Roaming/TinyTeX/texmf-dist/tex/latex/tools/calc.sty
Package: calc 2017/05/25 v4.3 Infix arithmetic (KKT,FJ)
\calc@Acount=\count283
\calc@Bcount=\count284
\calc@Adimen=\dimen174
\calc@Bdimen=\dimen175
\calc@Askip=\skip58
\calc@Bskip=\skip59
LaTeX Info: Redefining \setlength on input line 80.
LaTeX Info: Redefining \addtolength on input line 81.
\calc@Ccount=\count285
\calc@Cskip=\skip60
) (c:/Users/ilias/AppData/Roaming/TinyTeX/texmf-dist/tex/latex/etoolbox/etoolbox.sty
Package: etoolbox 2020/10/05 v2.5k e-TeX tools for LaTeX (JAW)
\etb@tempcnta=\count286
) (c:/Users/ilias/AppData/Roaming/TinyTeX/texmf-dist/tex/latex/mdwtools/footnote.sty
Package: footnote 1997/01/28 1.13 Save footnotes around boxes
\fn@notes=\box60
\fn@width=\dimen176
) (c:/Users/ilias/AppData/Roaming/TinyTeX/texmf-dist/tex/latex/graphics/graphicx.sty
Package: graphicx 2021/09/16 v1.2d Enhanced LaTeX Graphics (DPC,SPQR)
(c:/Users/ilias/AppData/Roaming/TinyTeX/texmf-dist/tex/latex/graphics/graphics.sty
Package: graphics 2022/03/10 v1.4e Standard LaTeX Graphics (DPC,SPQR)
(c:/Users/ilias/AppData/Roaming/TinyTeX/texmf-dist/tex/latex/graphics/trig.sty
Package: trig 2021/08/11 v1.11 sin cos tan (DPC)
) (c:/Users/ilias/AppData/Roaming/TinyTeX/texmf-dist/tex/latex/graphics-cfg/graphics.cfg
File: graphics.cfg 2016/06/04 v1.11 sample graphics configuration
)
Package graphics Info: Driver file: pdftex.def on input line 107.
)
\Gin@req@height=\dimen177
\Gin@req@width=\dimen178
) (c:/Users/ilias/AppData/Roaming/TinyTeX/texmf-dist/tex/latex/float/float.sty
Package: float 2001/11/08 v1.3d Float enhancements (AL)
\c@float@type=\count287
\float@exts=\toks27
\float@box=\box61
\@float@everytoks=\toks28
\@floatcapt=\box62
) (c:/Users/ilias/AppData/Roaming/TinyTeX/texmf-dist/tex/latex/hyperref/hyperref.sty
Package: hyperref 2022-11-13 v7.00u Hypertext links for LaTeX
(c:/Users/ilias/AppData/Roaming/TinyTeX/texmf-dist/tex/generic/ltxcmds/ltxcmds.sty
Package: ltxcmds 2020-05-10 v1.25 LaTeX kernel commands for general use (HO)
) (c:/Users/ilias/AppData/Roaming/TinyTeX/texmf-dist/tex/generic/pdftexcmds/pdftexcmds.sty
Package: pdftexcmds 2020-06-27 v0.33 Utility functions of pdfTeX for LuaTeX (HO)
(c:/Users/ilias/AppData/Roaming/TinyTeX/texmf-dist/tex/generic/infwarerr/infwarerr.sty
Package: infwarerr 2019/12/03 v1.5 Providing info/warning/error messages (HO)
)
Package pdftexcmds Info: \pdf@primitive is available.
Package pdftexcmds Info: \pdf@ifprimitive is available.
Package pdftexcmds Info: \pdfdraftmode found.
) (c:/Users/ilias/AppData/Roaming/TinyTeX/texmf-dist/tex/latex/kvsetkeys/kvsetkeys.sty
Package: kvsetkeys 2022-10-05 v1.19 Key value parser (HO)
) (c:/Users/ilias/AppData/Roaming/TinyTeX/texmf-dist/tex/generic/kvdefinekeys/kvdefinekeys.sty
Package: kvdefinekeys 2019-12-19 v1.6 Define keys (HO)
) (c:/Users/ilias/AppData/Roaming/TinyTeX/texmf-dist/tex/generic/pdfescape/pdfescape.sty
Package: pdfescape 2019/12/09 v1.15 Implements pdfTeX's escape features (HO)
) (c:/Users/ilias/AppData/Roaming/TinyTeX/texmf-dist/tex/latex/hycolor/hycolor.sty
Package: hycolor 2020-01-27 v1.10 Color options for hyperref/bookmark (HO)
) (c:/Users/ilias/AppData/Roaming/TinyTeX/texmf-dist/tex/latex/letltxmacro/letltxmacro.sty
Package: letltxmacro 2019/12/03 v1.6 Let assignment for LaTeX macros (HO)
) (c:/Users/ilias/AppData/Roaming/TinyTeX/texmf-dist/tex/latex/auxhook/auxhook.sty
Package: auxhook 2019-12-17 v1.6 Hooks for auxiliary files (HO)
) (c:/Users/ilias/AppData/Roaming/TinyTeX/texmf-dist/tex/latex/hyperref/nameref.sty
Package: nameref 2022-05-17 v2.50 Cross-referencing by name of section
(c:/Users/ilias/AppData/Roaming/TinyTeX/texmf-dist/tex/latex/refcount/refcount.sty
Package: refcount 2019/12/15 v3.6 Data extraction from label references (HO)
) (c:/Users/ilias/AppData/Roaming/TinyTeX/texmf-dist/tex/generic/gettitlestring/gettitlestring.sty
Package: gettitlestring 2019/12/15 v1.6 Cleanup title references (HO)
(c:/Users/ilias/AppData/Roaming/TinyTeX/texmf-dist/tex/latex/kvoptions/kvoptions.sty
Package: kvoptions 2022-06-15 v3.15 Key value format for package options (HO)
))
\c@section@level=\count288
)
\@linkdim=\dimen179
\Hy@linkcounter=\count289
\Hy@pagecounter=\count290
(c:/Users/ilias/AppData/Roaming/TinyTeX/texmf-dist/tex/latex/hyperref/pd1enc.def
File: pd1enc.def 2022-11-13 v7.00u Hyperref: PDFDocEncoding definition (HO)
Now handling font encoding PD1 ...
... no UTF-8 mapping file for font encoding PD1
) (c:/Users/ilias/AppData/Roaming/TinyTeX/texmf-dist/tex/generic/intcalc/intcalc.sty
Package: intcalc 2019/12/15 v1.3 Expandable calculations with integers (HO)
) (c:/Users/ilias/AppData/Roaming/TinyTeX/texmf-dist/tex/generic/etexcmds/etexcmds.sty
Package: etexcmds 2019/12/15 v1.7 Avoid name clashes with e-TeX commands (HO)
)
\Hy@SavedSpaceFactor=\count291
(c:/Users/ilias/AppData/Roaming/TinyTeX/texmf-dist/tex/latex/hyperref/puenc.def
File: puenc.def 2022-11-13 v7.00u Hyperref: PDF Unicode definition (HO)
Now handling font encoding PU ...
... no UTF-8 mapping file for font encoding PU
)
Package hyperref Info: Option `unicode' set `true' on input line 4045.
Package hyperref Info: Hyper figures OFF on input line 4162.
Package hyperref Info: Link nesting OFF on input line 4167.
Package hyperref Info: Hyper index ON on input line 4170.
Package hyperref Info: Plain pages OFF on input line 4177.
Package hyperref Info: Backreferencing OFF on input line 4182.
Package hyperref Info: Implicit mode ON; LaTeX internals redefined.
Package hyperref Info: Bookmarks ON on input line 4410.
\c@Hy@tempcnt=\count292
(c:/Users/ilias/AppData/Roaming/TinyTeX/texmf-dist/tex/latex/url/url.sty
\Urlmuskip=\muskip17
Package: url 2013/09/16  ver 3.4  Verb mode for urls, etc.
)
LaTeX Info: Redefining \url on input line 4748.
\XeTeXLinkMargin=\dimen180
(c:/Users/ilias/AppData/Roaming/TinyTeX/texmf-dist/tex/generic/bitset/bitset.sty
Package: bitset 2019/12/09 v1.3 Handle bit-vector datatype (HO)
(c:/Users/ilias/AppData/Roaming/TinyTeX/texmf-dist/tex/generic/bigintcalc/bigintcalc.sty
Package: bigintcalc 2019/12/15 v1.5 Expandable calculations on big integers (HO)
))
\Fld@menulength=\count293
\Field@Width=\dimen181
\Fld@charsize=\dimen182
Package hyperref Info: Hyper figures OFF on input line 6027.
Package hyperref Info: Link nesting OFF on input line 6032.
Package hyperref Info: Hyper index ON on input line 6035.
Package hyperref Info: backreferencing OFF on input line 6042.
Package hyperref Info: Link coloring OFF on input line 6047.
Package hyperref Info: Link coloring with OCG OFF on input line 6052.
Package hyperref Info: PDF/A mode OFF on input line 6057.
(c:/Users/ilias/AppData/Roaming/TinyTeX/texmf-dist/tex/latex/base/atbegshi-ltx.sty
Package: atbegshi-ltx 2021/01/10 v1.0c Emulation of the original atbegshi
package with kernel methods
)
\Hy@abspage=\count294
\c@Item=\count295
\c@Hfootnote=\count296
)
Package hyperref Info: Driver (autodetected): hpdftex.
(c:/Users/ilias/AppData/Roaming/TinyTeX/texmf-dist/tex/latex/hyperref/hpdftex.def
File: hpdftex.def 2022-11-13 v7.00u Hyperref driver for pdfTeX
(c:/Users/ilias/AppData/Roaming/TinyTeX/texmf-dist/tex/latex/base/atveryend-ltx.sty
Package: atveryend-ltx 2020/08/19 v1.0a Emulation of the original atveryend package
with kernel methods
)
\Fld@listcount=\count297
\c@bookmark@seq@number=\count298
(c:/Users/ilias/AppData/Roaming/TinyTeX/texmf-dist/tex/latex/rerunfilecheck/rerunfilecheck.sty
Package: rerunfilecheck 2022-07-10 v1.10 Rerun checks for auxiliary files (HO)
(c:/Users/ilias/AppData/Roaming/TinyTeX/texmf-dist/tex/generic/uniquecounter/uniquecounter.sty
Package: uniquecounter 2019/12/15 v1.4 Provide unlimited unique counter (HO)
)
Package uniquecounter Info: New unique counter `rerunfilecheck' on input line 285.
)
\Hy@SectionHShift=\skip61
) (c:/Users/ilias/AppData/Roaming/TinyTeX/texmf-dist/tex/latex/l3backend/l3backend-pdftex.def
File: l3backend-pdftex.def 2022-10-26 L3 backend support: PDF output (pdfTeX)
\l__color_backend_stack_int=\count299
\l__pdf_internal_box=\box63
) (./TP_ultime.aux)
\openout1 = `TP_ultime.aux'.

LaTeX Font Info:    Checking defaults for OML/cmm/m/it on input line 78.
LaTeX Font Info:    ... okay on input line 78.
LaTeX Font Info:    Checking defaults for OMS/cmsy/m/n on input line 78.
LaTeX Font Info:    ... okay on input line 78.
LaTeX Font Info:    Checking defaults for OT1/cmr/m/n on input line 78.
LaTeX Font Info:    ... okay on input line 78.
LaTeX Font Info:    Checking defaults for T1/cmr/m/n on input line 78.
LaTeX Font Info:    ... okay on input line 78.
LaTeX Font Info:    Checking defaults for TS1/cmr/m/n on input line 78.
LaTeX Font Info:    ... okay on input line 78.
LaTeX Font Info:    Checking defaults for OMX/cmex/m/n on input line 78.
LaTeX Font Info:    ... okay on input line 78.
LaTeX Font Info:    Checking defaults for U/cmr/m/n on input line 78.
LaTeX Font Info:    ... okay on input line 78.
LaTeX Font Info:    Checking defaults for PD1/pdf/m/n on input line 78.
LaTeX Font Info:    ... okay on input line 78.
LaTeX Font Info:    Checking defaults for PU/pdf/m/n on input line 78.
LaTeX Font Info:    ... okay on input line 78.
(c:/Users/ilias/AppData/Roaming/TinyTeX/texmf-dist/tex/latex/epstopdf-pkg/epstopdf-base.sty
Package: epstopdf-base 2020-01-24 v2.11 Base part for package epstopdf
Package epstopdf-base Info: Redefining graphics rule for `.eps' on input line 485.
(c:/Users/ilias/AppData/Roaming/TinyTeX/texmf-dist/tex/latex/latexconfig/epstopdf-sys.cfg
File: epstopdf-sys.cfg 2010/07/13 v1.3 Configuration of (r)epstopdf for TeX Live
))
*geometry* driver: auto-detecting
*geometry* detected driver: pdftex
*geometry* verbose mode - [ preamble ] result:
* driver: pdftex
* paper: <default>
* layout: <same size as paper>
* layoutoffset:(h,v)=(0.0pt,0.0pt)
* modes: 
* h-part:(L,W,R)=(72.26999pt, 469.75502pt, 72.26999pt)
* v-part:(T,H,B)=(72.26999pt, 650.43001pt, 72.26999pt)
* \paperwidth=614.295pt
* \paperheight=794.96999pt
* \textwidth=469.75502pt
* \textheight=650.43001pt
* \oddsidemargin=0.0pt
* \evensidemargin=0.0pt
* \topmargin=-37.0pt
* \headheight=12.0pt
* \headsep=25.0pt
* \topskip=10.0pt
* \footskip=30.0pt
* \marginparwidth=65.0pt
* \marginparsep=11.0pt
* \columnsep=10.0pt
* \skip\footins=9.0pt plus 4.0pt minus 2.0pt
* \hoffset=0.0pt
* \voffset=0.0pt
* \mag=1000
* \@twocolumnfalse
* \@twosidefalse
* \@mparswitchfalse
* \@reversemarginfalse
* (1in=72.27pt=25.4mm, 1cm=28.453pt)

Package hyperref Info: Link coloring OFF on input line 78.
(./TP_ultime.out) (./TP_ultime.out)
\@outlinefile=\write3
\openout3 = `TP_ultime.out'.

(./TP_ultime.toc
LaTeX Font Info:    Trying to load font information for OT1+lmr on input line 2.
(c:/Users/ilias/AppData/Roaming/TinyTeX/texmf-dist/tex/latex/lm/ot1lmr.fd
File: ot1lmr.fd 2015/05/01 v1.6.1 Font defs for Latin Modern
)
LaTeX Font Info:    Trying to load font information for OML+lmm on input line 2.
(c:/Users/ilias/AppData/Roaming/TinyTeX/texmf-dist/tex/latex/lm/omllmm.fd
File: omllmm.fd 2015/05/01 v1.6.1 Font defs for Latin Modern
)
LaTeX Font Info:    Trying to load font information for OMS+lmsy on input line 2.
(c:/Users/ilias/AppData/Roaming/TinyTeX/texmf-dist/tex/latex/lm/omslmsy.fd
File: omslmsy.fd 2015/05/01 v1.6.1 Font defs for Latin Modern
)
LaTeX Font Info:    Trying to load font information for OMX+lmex on input line 2.
(c:/Users/ilias/AppData/Roaming/TinyTeX/texmf-dist/tex/latex/lm/omxlmex.fd
File: omxlmex.fd 2015/05/01 v1.6.1 Font defs for Latin Modern
)
LaTeX Font Info:    External font `lmex10' loaded for size
(Font)              <10> on input line 2.
LaTeX Font Info:    External font `lmex10' loaded for size
(Font)              <7> on input line 2.
LaTeX Font Info:    External font `lmex10' loaded for size
(Font)              <5> on input line 2.
LaTeX Font Info:    Trying to load font information for U+msa on input line 2.
(c:/Users/ilias/AppData/Roaming/TinyTeX/texmf-dist/tex/latex/amsfonts/umsa.fd
File: umsa.fd 2013/01/14 v3.01 AMS symbols A
)
LaTeX Font Info:    Trying to load font information for U+msb on input line 2.
(c:/Users/ilias/AppData/Roaming/TinyTeX/texmf-dist/tex/latex/amsfonts/umsb.fd
File: umsb.fd 2013/01/14 v3.01 AMS symbols B
))
\tf@toc=\write4
\openout4 = `TP_ultime.toc'.

[1

{c:/Users/ilias/AppData/Roaming/TinyTeX/texmf-var/fonts/map/pdftex/updmap/pdftex.map}] [2] [3]
Overfull \hbox (0.57047pt too wide) in paragraph at lines 359--359
[]|\T1/lmr/m/n/10 Raimbourg|  
 []

[4] [5]
<TP_ultime_files/figure-latex/unnamed-chunk-20-1.pdf, id=195, 469.755pt x 325.215pt>
File: TP_ultime_files/figure-latex/unnamed-chunk-20-1.pdf Graphic file (type pdf)
<use TP_ultime_files/figure-latex/unnamed-chunk-20-1.pdf>
Package pdftex.def Info: TP_ultime_files/figure-latex/unnamed-chunk-20-1.pdf  used on input line 435.
(pdftex.def)             Requested size: 375.80452pt x 260.17235pt.
[6 <./TP_ultime_files/figure-latex/unnamed-chunk-20-1.pdf>] [7]
<TP_ultime_files/figure-latex/unnamed-chunk-29-1.pdf, id=217, 469.755pt x 325.215pt>
File: TP_ultime_files/figure-latex/unnamed-chunk-29-1.pdf Graphic file (type pdf)
<use TP_ultime_files/figure-latex/unnamed-chunk-29-1.pdf>
Package pdftex.def Info: TP_ultime_files/figure-latex/unnamed-chunk-29-1.pdf  used on input line 559.
(pdftex.def)             Requested size: 375.80452pt x 260.17235pt.
[8 <./TP_ultime_files/figure-latex/unnamed-chunk-29-1.pdf>]
<TP_ultime_files/figure-latex/unnamed-chunk-32-1.pdf, id=230, 469.755pt x 325.215pt>
File: TP_ultime_files/figure-latex/unnamed-chunk-32-1.pdf Graphic file (type pdf)
<use TP_ultime_files/figure-latex/unnamed-chunk-32-1.pdf>
Package pdftex.def Info: TP_ultime_files/figure-latex/unnamed-chunk-32-1.pdf  used on input line 597.
(pdftex.def)             Requested size: 375.80452pt x 260.17235pt.
[9 <./TP_ultime_files/figure-latex/unnamed-chunk-32-1.pdf>]

LaTeX Warning: Command \texttwosuperior invalid in math mode on input line 616.

LaTeX Font Info:    Trying to load font information for TS1+lmr on input line 616.
(c:/Users/ilias/AppData/Roaming/TinyTeX/texmf-dist/tex/latex/lm/ts1lmr.fd
File: ts1lmr.fd 2015/05/01 v1.6.1 Font defs for Latin Modern
)

LaTeX Warning: Command \texttwosuperior invalid in math mode on input line 616.

<TP_ultime_files/figure-latex/unnamed-chunk-35-1.pdf, id=243, 469.755pt x 325.215pt>
File: TP_ultime_files/figure-latex/unnamed-chunk-35-1.pdf Graphic file (type pdf)
<use TP_ultime_files/figure-latex/unnamed-chunk-35-1.pdf>
Package pdftex.def Info: TP_ultime_files/figure-latex/unnamed-chunk-35-1.pdf  used on input line 620.
(pdftex.def)             Requested size: 375.80452pt x 260.17235pt.
[10 <./TP_ultime_files/figure-latex/unnamed-chunk-35-1.pdf>]
LaTeX Font Info:    Trying to load font information for T1+lmtt on input line 681.
(c:/Users/ilias/AppData/Roaming/TinyTeX/texmf-dist/tex/latex/lm/t1lmtt.fd
File: t1lmtt.fd 2015/05/01 v1.6.1 Font defs for Latin Modern
) [11] [12] [13] [14]
<TP_ultime_files/figure-latex/unnamed-chunk-55-1.pdf, id=292, 469.755pt x 325.215pt>
File: TP_ultime_files/figure-latex/unnamed-chunk-55-1.pdf Graphic file (type pdf)
<use TP_ultime_files/figure-latex/unnamed-chunk-55-1.pdf>
Package pdftex.def Info: TP_ultime_files/figure-latex/unnamed-chunk-55-1.pdf  used on input line 945.
(pdftex.def)             Requested size: 375.80452pt x 260.17235pt.
[15 <./TP_ultime_files/figure-latex/unnamed-chunk-55-1.pdf>] [16]
<TP_ultime_files/figure-latex/unnamed-chunk-67-1.pdf, id=311, 469.755pt x 325.215pt>
File: TP_ultime_files/figure-latex/unnamed-chunk-67-1.pdf Graphic file (type pdf)
<use TP_ultime_files/figure-latex/unnamed-chunk-67-1.pdf>
Package pdftex.def Info: TP_ultime_files/figure-latex/unnamed-chunk-67-1.pdf  used on input line 1081.
(pdftex.def)             Requested size: 375.80452pt x 260.17235pt.
[17 <./TP_ultime_files/figure-latex/unnamed-chunk-67-1.pdf>]
Overfull \hbox (2.95667pt too wide) in paragraph at lines 1132--1133
 []\T1/lmr/m/n/10 Age
 []


Overfull \hbox (9.07883pt too wide) in paragraph at lines 1136--1137
 []\T1/lmr/m/n/10 Nbenfant
 []


Overfull \hbox (8.54648pt too wide) in paragraph at lines 1138--1139
[]\T1/lmr/m/n/10 Diplome  
 []


Overfull \hbox (10.13802pt too wide) in paragraph at lines 1140--1141
 []\T1/lmr/m/n/10 Anciennete
 []


Overfull \hbox (1.49115pt too wide) in paragraph at lines 1142--1143
 []\T1/lmr/m/n/10 Salaire
 []


Overfull \hbox (5.41916pt too wide) in paragraph at lines 1144--1145
 []\T1/lmr/m/n/10 Satisfaction
 []


Overfull \hbox (1.20924pt too wide) in paragraph at lines 1146--1147
 []\T1/lmr/m/n/10 Stress
 []


Overfull \hbox (8.54987pt too wide) in paragraph at lines 1148--1149
 []\T1/lmr/m/n/10 EstimeSoi
 []


Overfull \hbox (12.97537pt too wide) in paragraph at lines 1150--1151
[]\T1/lmr/m/n/10 AvisReforme  
 []


Overfull \hbox (2.95667pt too wide) in paragraph at lines 1158--1159
 []\T1/lmr/m/n/10 Age
 []


Overfull \hbox (9.07883pt too wide) in paragraph at lines 1162--1163
 []\T1/lmr/m/n/10 Nbenfant
 []


Overfull \hbox (8.54648pt too wide) in paragraph at lines 1164--1165
[]\T1/lmr/m/n/10 Diplome  
 []


Overfull \hbox (10.13802pt too wide) in paragraph at lines 1166--1167
 []\T1/lmr/m/n/10 Anciennete
 []


Overfull \hbox (1.49115pt too wide) in paragraph at lines 1168--1169
 []\T1/lmr/m/n/10 Salaire
 []


Overfull \hbox (5.41916pt too wide) in paragraph at lines 1170--1171
 []\T1/lmr/m/n/10 Satisfaction
 []


Overfull \hbox (1.20924pt too wide) in paragraph at lines 1172--1173
 []\T1/lmr/m/n/10 Stress
 []


Overfull \hbox (8.54987pt too wide) in paragraph at lines 1174--1175
 []\T1/lmr/m/n/10 EstimeSoi
 []


Overfull \hbox (12.97537pt too wide) in paragraph at lines 1176--1177
[]\T1/lmr/m/n/10 AvisReforme  
 []


Overfull \hbox (12.62605pt too wide) in paragraph at lines 1180--1180
[]|\T1/lmr/m/n/10 Homme|  
 []


Overfull \hbox (5.83656pt too wide) in paragraph at lines 1180--1180
[]|\T1/lmr/m/n/10 Célibataire|  
 []


Overfull \hbox (1.32445pt too wide) in paragraph at lines 1180--1180
[]|\T1/lmr/m/n/10 Bac+3|  
 []


Overfull \hbox (9.58696pt too wide) in paragraph at lines 1181--1182
[]|\T1/lmr/m/n/10 Défavorable|  
 []


Overfull \hbox (12.62605pt too wide) in paragraph at lines 1182--1182
[]|\T1/lmr/m/n/10 Homme|  
 []


Overfull \hbox (5.83656pt too wide) in paragraph at lines 1182--1182
[]|\T1/lmr/m/n/10 Célibataire|  
 []


Overfull \hbox (1.32445pt too wide) in paragraph at lines 1182--1182
[]|\T1/lmr/m/n/10 Bac+3|  
 []


Overfull \hbox (9.58696pt too wide) in paragraph at lines 1183--1184
[]|\T1/lmr/m/n/10 Défavorable|  
 []


Overfull \hbox (10.2652pt too wide) in paragraph at lines 1184--1184
[]|\T1/lmr/m/n/10 Femme|  
 []


Overfull \hbox (5.83656pt too wide) in paragraph at lines 1184--1184
[]|\T1/lmr/m/n/10 Célibataire|  
 []


Overfull \hbox (1.32445pt too wide) in paragraph at lines 1184--1184
[]|\T1/lmr/m/n/10 Bac+3|  
 []


Overfull \hbox (9.58696pt too wide) in paragraph at lines 1185--1186
[]|\T1/lmr/m/n/10 Défavorable|  
 []


Overfull \hbox (12.62605pt too wide) in paragraph at lines 1186--1186
[]|\T1/lmr/m/n/10 Homme|  
 []


Overfull \hbox (1.32445pt too wide) in paragraph at lines 1186--1186
[]|\T1/lmr/m/n/10 Bac+3|  
 []


Overfull \hbox (9.58696pt too wide) in paragraph at lines 1187--1188
[]|\T1/lmr/m/n/10 Défavorable|  
 []


Overfull \hbox (12.62605pt too wide) in paragraph at lines 1188--1188
[]|\T1/lmr/m/n/10 Homme|  
 []


Overfull \hbox (1.32445pt too wide) in paragraph at lines 1188--1188
[]|\T1/lmr/m/n/10 Bac+3|  
 []


Overfull \hbox (9.58696pt too wide) in paragraph at lines 1189--1190
[]|\T1/lmr/m/n/10 Défavorable|  
 []


Overfull \hbox (12.62605pt too wide) in paragraph at lines 1190--1190
[]|\T1/lmr/m/n/10 Homme|  
 []


Overfull \hbox (1.32445pt too wide) in paragraph at lines 1190--1190
[]|\T1/lmr/m/n/10 Bac+3|  
 []


Overfull \hbox (9.58696pt too wide) in paragraph at lines 1191--1192
[]|\T1/lmr/m/n/10 Défavorable|  
 []

[18] [19]
<TP_ultime_files/figure-latex/unnamed-chunk-82-1.pdf, id=342, 469.755pt x 325.215pt>
File: TP_ultime_files/figure-latex/unnamed-chunk-82-1.pdf Graphic file (type pdf)
<use TP_ultime_files/figure-latex/unnamed-chunk-82-1.pdf>
Package pdftex.def Info: TP_ultime_files/figure-latex/unnamed-chunk-82-1.pdf  used on input line 1294.
(pdftex.def)             Requested size: 281.85518pt x 195.1305pt.
<TP_ultime_files/figure-latex/unnamed-chunk-83-1.pdf, id=343, 469.755pt x 325.215pt>
File: TP_ultime_files/figure-latex/unnamed-chunk-83-1.pdf Graphic file (type pdf)
<use TP_ultime_files/figure-latex/unnamed-chunk-83-1.pdf>
Package pdftex.def Info: TP_ultime_files/figure-latex/unnamed-chunk-83-1.pdf  used on input line 1303.
(pdftex.def)             Requested size: 281.85518pt x 195.1305pt.
[20 <./TP_ultime_files/figure-latex/unnamed-chunk-82-1.pdf> <./TP_ultime_files/figure-latex/unnamed-chunk-83-1.pdf>] [21]
<TP_ultime_files/figure-latex/unnamed-chunk-90-1.pdf, id=369, 469.755pt x 325.215pt>
File: TP_ultime_files/figure-latex/unnamed-chunk-90-1.pdf Graphic file (type pdf)
<use TP_ultime_files/figure-latex/unnamed-chunk-90-1.pdf>
Package pdftex.def Info: TP_ultime_files/figure-latex/unnamed-chunk-90-1.pdf  used on input line 1417.
(pdftex.def)             Requested size: 375.80452pt x 260.17235pt.
[22 <./TP_ultime_files/figure-latex/unnamed-chunk-90-1.pdf>] [23]
<TP_ultime_files/figure-latex/unnamed-chunk-95-1.pdf, id=390, 469.755pt x 325.215pt>
File: TP_ultime_files/figure-latex/unnamed-chunk-95-1.pdf Graphic file (type pdf)
<use TP_ultime_files/figure-latex/unnamed-chunk-95-1.pdf>
Package pdftex.def Info: TP_ultime_files/figure-latex/unnamed-chunk-95-1.pdf  used on input line 1559.
(pdftex.def)             Requested size: 281.85518pt x 195.1305pt.
<TP_ultime_files/figure-latex/unnamed-chunk-96-1.pdf, id=391, 469.755pt x 325.215pt>
File: TP_ultime_files/figure-latex/unnamed-chunk-96-1.pdf Graphic file (type pdf)
<use TP_ultime_files/figure-latex/unnamed-chunk-96-1.pdf>
Package pdftex.def Info: TP_ultime_files/figure-latex/unnamed-chunk-96-1.pdf  used on input line 1568.
(pdftex.def)             Requested size: 281.85518pt x 195.1305pt.
[24 <./TP_ultime_files/figure-latex/unnamed-chunk-95-1.pdf> <./TP_ultime_files/figure-latex/unnamed-chunk-96-1.pdf>] [25]
<TP_ultime_files/figure-latex/unnamed-chunk-102-1.pdf, id=416, 469.755pt x 325.215pt>
File: TP_ultime_files/figure-latex/unnamed-chunk-102-1.pdf Graphic file (type pdf)
<use TP_ultime_files/figure-latex/unnamed-chunk-102-1.pdf>
Package pdftex.def Info: TP_ultime_files/figure-latex/unnamed-chunk-102-1.pdf  used on input line 1665.
(pdftex.def)             Requested size: 375.80452pt x 260.17235pt.
[26 <./TP_ultime_files/figure-latex/unnamed-chunk-102-1.pdf>] [27]
<TP_ultime_files/figure-latex/unnamed-chunk-107-1.pdf, id=438, 469.755pt x 325.215pt>
File: TP_ultime_files/figure-latex/unnamed-chunk-107-1.pdf Graphic file (type pdf)
<use TP_ultime_files/figure-latex/unnamed-chunk-107-1.pdf>
Package pdftex.def Info: TP_ultime_files/figure-latex/unnamed-chunk-107-1.pdf  used on input line 1747.
(pdftex.def)             Requested size: 281.85518pt x 195.1305pt.
<TP_ultime_files/figure-latex/unnamed-chunk-108-1.pdf, id=439, 469.755pt x 325.215pt>
File: TP_ultime_files/figure-latex/unnamed-chunk-108-1.pdf Graphic file (type pdf)
<use TP_ultime_files/figure-latex/unnamed-chunk-108-1.pdf>
Package pdftex.def Info: TP_ultime_files/figure-latex/unnamed-chunk-108-1.pdf  used on input line 1759.
(pdftex.def)             Requested size: 281.85518pt x 195.1305pt.
[28 <./TP_ultime_files/figure-latex/unnamed-chunk-107-1.pdf> <./TP_ultime_files/figure-latex/unnamed-chunk-108-1.pdf>]
<TP_ultime_files/figure-latex/unnamed-chunk-109-1.pdf, id=458, 469.755pt x 325.215pt>
File: TP_ultime_files/figure-latex/unnamed-chunk-109-1.pdf Graphic file (type pdf)
<use TP_ultime_files/figure-latex/unnamed-chunk-109-1.pdf>
Package pdftex.def Info: TP_ultime_files/figure-latex/unnamed-chunk-109-1.pdf  used on input line 1775.
(pdftex.def)             Requested size: 375.80452pt x 260.17235pt.
[29 <./TP_ultime_files/figure-latex/unnamed-chunk-109-1.pdf>]
<TP_ultime_files/figure-latex/unnamed-chunk-113-1.pdf, id=472, 469.755pt x 325.215pt>
File: TP_ultime_files/figure-latex/unnamed-chunk-113-1.pdf Graphic file (type pdf)
<use TP_ultime_files/figure-latex/unnamed-chunk-113-1.pdf>
Package pdftex.def Info: TP_ultime_files/figure-latex/unnamed-chunk-113-1.pdf  used on input line 1848.
(pdftex.def)             Requested size: 375.80452pt x 260.17235pt.
[30 <./TP_ultime_files/figure-latex/unnamed-chunk-113-1.pdf>] [31] [32] [33] [34] [35] [36] [37]
<TP_ultime_files/figure-latex/unnamed-chunk-141-1.pdf, id=548, 469.755pt x 325.215pt>
File: TP_ultime_files/figure-latex/unnamed-chunk-141-1.pdf Graphic file (type pdf)
<use TP_ultime_files/figure-latex/unnamed-chunk-141-1.pdf>
Package pdftex.def Info: TP_ultime_files/figure-latex/unnamed-chunk-141-1.pdf  used on input line 2476.
(pdftex.def)             Requested size: 469.75386pt x 325.2142pt.
[38 <./TP_ultime_files/figure-latex/unnamed-chunk-141-1.pdf>]
<TP_ultime_files/figure-latex/unnamed-chunk-145-1.pdf, id=562, 469.755pt x 325.215pt>
File: TP_ultime_files/figure-latex/unnamed-chunk-145-1.pdf Graphic file (type pdf)
<use TP_ultime_files/figure-latex/unnamed-chunk-145-1.pdf>
Package pdftex.def Info: TP_ultime_files/figure-latex/unnamed-chunk-145-1.pdf  used on input line 2530.
(pdftex.def)             Requested size: 469.75386pt x 325.2142pt.
[39 <./TP_ultime_files/figure-latex/unnamed-chunk-145-1.pdf>]
<TP_ultime_files/figure-latex/unnamed-chunk-147-1.pdf, id=574, 469.755pt x 325.215pt>
File: TP_ultime_files/figure-latex/unnamed-chunk-147-1.pdf Graphic file (type pdf)
<use TP_ultime_files/figure-latex/unnamed-chunk-147-1.pdf>
Package pdftex.def Info: TP_ultime_files/figure-latex/unnamed-chunk-147-1.pdf  used on input line 2561.
(pdftex.def)             Requested size: 469.75386pt x 325.2142pt.
[40 <./TP_ultime_files/figure-latex/unnamed-chunk-147-1.pdf>]
<TP_ultime_files/figure-latex/unnamed-chunk-148-1.pdf, id=586, 469.755pt x 325.215pt>
File: TP_ultime_files/figure-latex/unnamed-chunk-148-1.pdf Graphic file (type pdf)
<use TP_ultime_files/figure-latex/unnamed-chunk-148-1.pdf>
Package pdftex.def Info: TP_ultime_files/figure-latex/unnamed-chunk-148-1.pdf  used on input line 2577.
(pdftex.def)             Requested size: 469.75386pt x 325.2142pt.
[41 <./TP_ultime_files/figure-latex/unnamed-chunk-148-1.pdf>]
<TP_ultime_files/figure-latex/unnamed-chunk-151-1.pdf, id=611, 469.755pt x 325.215pt>
File: TP_ultime_files/figure-latex/unnamed-chunk-151-1.pdf Graphic file (type pdf)
<use TP_ultime_files/figure-latex/unnamed-chunk-151-1.pdf>
Package pdftex.def Info: TP_ultime_files/figure-latex/unnamed-chunk-151-1.pdf  used on input line 2639.
(pdftex.def)             Requested size: 469.75386pt x 325.2142pt.
[42 <./TP_ultime_files/figure-latex/unnamed-chunk-151-1.pdf>]
<TP_ultime_files/figure-latex/unnamed-chunk-153-1.pdf, id=623, 469.755pt x 325.215pt>
File: TP_ultime_files/figure-latex/unnamed-chunk-153-1.pdf Graphic file (type pdf)
<use TP_ultime_files/figure-latex/unnamed-chunk-153-1.pdf>
Package pdftex.def Info: TP_ultime_files/figure-latex/unnamed-chunk-153-1.pdf  used on input line 2672.
(pdftex.def)             Requested size: 469.75386pt x 325.2142pt.
[43 <./TP_ultime_files/figure-latex/unnamed-chunk-153-1.pdf>]
<TP_ultime_files/figure-latex/unnamed-chunk-154-1.pdf, id=636, 469.755pt x 325.215pt>
File: TP_ultime_files/figure-latex/unnamed-chunk-154-1.pdf Graphic file (type pdf)
<use TP_ultime_files/figure-latex/unnamed-chunk-154-1.pdf>
Package pdftex.def Info: TP_ultime_files/figure-latex/unnamed-chunk-154-1.pdf  used on input line 2687.
(pdftex.def)             Requested size: 469.75386pt x 325.2142pt.
[44 <./TP_ultime_files/figure-latex/unnamed-chunk-154-1.pdf>]
<TP_ultime_files/figure-latex/unnamed-chunk-155-1.pdf, id=648, 469.755pt x 325.215pt>
File: TP_ultime_files/figure-latex/unnamed-chunk-155-1.pdf Graphic file (type pdf)
<use TP_ultime_files/figure-latex/unnamed-chunk-155-1.pdf>
Package pdftex.def Info: TP_ultime_files/figure-latex/unnamed-chunk-155-1.pdf  used on input line 2707.
(pdftex.def)             Requested size: 469.75386pt x 325.2142pt.
[45 <./TP_ultime_files/figure-latex/unnamed-chunk-155-1.pdf>] [46] [47] [48] [49]
<TP_ultime_files/figure-latex/unnamed-chunk-168-1.pdf, id=695, 469.755pt x 325.215pt>
File: TP_ultime_files/figure-latex/unnamed-chunk-168-1.pdf Graphic file (type pdf)
<use TP_ultime_files/figure-latex/unnamed-chunk-168-1.pdf>
Package pdftex.def Info: TP_ultime_files/figure-latex/unnamed-chunk-168-1.pdf  used on input line 3035.
(pdftex.def)             Requested size: 375.80452pt x 260.17235pt.
[50 <./TP_ultime_files/figure-latex/unnamed-chunk-168-1.pdf>]
<TP_ultime_files/figure-latex/unnamed-chunk-172-1.pdf, id=707, 469.755pt x 325.215pt>
File: TP_ultime_files/figure-latex/unnamed-chunk-172-1.pdf Graphic file (type pdf)
<use TP_ultime_files/figure-latex/unnamed-chunk-172-1.pdf>
Package pdftex.def Info: TP_ultime_files/figure-latex/unnamed-chunk-172-1.pdf  used on input line 3095.
(pdftex.def)             Requested size: 375.80452pt x 260.17235pt.
[51 <./TP_ultime_files/figure-latex/unnamed-chunk-172-1.pdf>]
<TP_ultime_files/figure-latex/unnamed-chunk-174-1.pdf, id=720, 469.755pt x 325.215pt>
File: TP_ultime_files/figure-latex/unnamed-chunk-174-1.pdf Graphic file (type pdf)
<use TP_ultime_files/figure-latex/unnamed-chunk-174-1.pdf>
Package pdftex.def Info: TP_ultime_files/figure-latex/unnamed-chunk-174-1.pdf  used on input line 3127.
(pdftex.def)             Requested size: 375.80452pt x 260.17235pt.
[52 <./TP_ultime_files/figure-latex/unnamed-chunk-174-1.pdf>]
<TP_ultime_files/figure-latex/unnamed-chunk-177-1.pdf, id=732, 469.755pt x 325.215pt>
File: TP_ultime_files/figure-latex/unnamed-chunk-177-1.pdf Graphic file (type pdf)
<use TP_ultime_files/figure-latex/unnamed-chunk-177-1.pdf>
Package pdftex.def Info: TP_ultime_files/figure-latex/unnamed-chunk-177-1.pdf  used on input line 3183.
(pdftex.def)             Requested size: 375.80452pt x 260.17235pt.
[53 <./TP_ultime_files/figure-latex/unnamed-chunk-177-1.pdf>]
<TP_ultime_files/figure-latex/unnamed-chunk-179-1.pdf, id=744, 469.755pt x 325.215pt>
File: TP_ultime_files/figure-latex/unnamed-chunk-179-1.pdf Graphic file (type pdf)
<use TP_ultime_files/figure-latex/unnamed-chunk-179-1.pdf>
Package pdftex.def Info: TP_ultime_files/figure-latex/unnamed-chunk-179-1.pdf  used on input line 3215.
(pdftex.def)             Requested size: 375.80452pt x 260.17235pt.
[54 <./TP_ultime_files/figure-latex/unnamed-chunk-179-1.pdf>]
<TP_ultime_files/figure-latex/unnamed-chunk-180-1.pdf, id=756, 469.755pt x 325.215pt>
File: TP_ultime_files/figure-latex/unnamed-chunk-180-1.pdf Graphic file (type pdf)
<use TP_ultime_files/figure-latex/unnamed-chunk-180-1.pdf>
Package pdftex.def Info: TP_ultime_files/figure-latex/unnamed-chunk-180-1.pdf  used on input line 3232.
(pdftex.def)             Requested size: 375.80452pt x 260.17235pt.
[55 <./TP_ultime_files/figure-latex/unnamed-chunk-180-1.pdf>] [56] [57]
<TP_ultime_files/figure-latex/unnamed-chunk-190-1.pdf, id=783, 469.755pt x 325.215pt>
File: TP_ultime_files/figure-latex/unnamed-chunk-190-1.pdf Graphic file (type pdf)
<use TP_ultime_files/figure-latex/unnamed-chunk-190-1.pdf>
Package pdftex.def Info: TP_ultime_files/figure-latex/unnamed-chunk-190-1.pdf  used on input line 3432.
(pdftex.def)             Requested size: 375.80452pt x 260.17235pt.
[58 <./TP_ultime_files/figure-latex/unnamed-chunk-190-1.pdf>]
<TP_ultime_files/figure-latex/unnamed-chunk-193-1.pdf, id=797, 469.755pt x 325.215pt>
File: TP_ultime_files/figure-latex/unnamed-chunk-193-1.pdf Graphic file (type pdf)
<use TP_ultime_files/figure-latex/unnamed-chunk-193-1.pdf>
Package pdftex.def Info: TP_ultime_files/figure-latex/unnamed-chunk-193-1.pdf  used on input line 3486.
(pdftex.def)             Requested size: 375.80452pt x 260.17235pt.
[59 <./TP_ultime_files/figure-latex/unnamed-chunk-193-1.pdf>] [60]
<TP_ultime_files/figure-latex/unnamed-chunk-199-1.pdf, id=815, 469.755pt x 325.215pt>
File: TP_ultime_files/figure-latex/unnamed-chunk-199-1.pdf Graphic file (type pdf)
<use TP_ultime_files/figure-latex/unnamed-chunk-199-1.pdf>
Package pdftex.def Info: TP_ultime_files/figure-latex/unnamed-chunk-199-1.pdf  used on input line 3562.
(pdftex.def)             Requested size: 375.80452pt x 260.17235pt.
[61 <./TP_ultime_files/figure-latex/unnamed-chunk-199-1.pdf>]
<TP_ultime_files/figure-latex/unnamed-chunk-201-1.pdf, id=829, 469.755pt x 325.215pt>
File: TP_ultime_files/figure-latex/unnamed-chunk-201-1.pdf Graphic file (type pdf)
<use TP_ultime_files/figure-latex/unnamed-chunk-201-1.pdf>
Package pdftex.def Info: TP_ultime_files/figure-latex/unnamed-chunk-201-1.pdf  used on input line 3617.
(pdftex.def)             Requested size: 375.80452pt x 260.17235pt.
<TP_ultime_files/figure-latex/unnamed-chunk-204-1.pdf, id=830, 469.755pt x 325.215pt>
File: TP_ultime_files/figure-latex/unnamed-chunk-204-1.pdf Graphic file (type pdf)
<use TP_ultime_files/figure-latex/unnamed-chunk-204-1.pdf>
Package pdftex.def Info: TP_ultime_files/figure-latex/unnamed-chunk-204-1.pdf  used on input line 3670.
(pdftex.def)             Requested size: 375.80452pt x 260.17235pt.
<TP_ultime_files/figure-latex/unnamed-chunk-205-1.pdf, id=831, 469.755pt x 325.215pt>
File: TP_ultime_files/figure-latex/unnamed-chunk-205-1.pdf Graphic file (type pdf)
<use TP_ultime_files/figure-latex/unnamed-chunk-205-1.pdf>
Package pdftex.def Info: TP_ultime_files/figure-latex/unnamed-chunk-205-1.pdf  used on input line 3679.
(pdftex.def)             Requested size: 375.80452pt x 260.17235pt.
[62 <./TP_ultime_files/figure-latex/unnamed-chunk-201-1.pdf>] [63 <./TP_ultime_files/figure-latex/unnamed-chunk-204-1.pdf> <./TP_ultime_files/figure-latex/unnamed-chunk-205-1.pdf>]
<TP_ultime_files/figure-latex/unnamed-chunk-206-1.pdf, id=860, 469.755pt x 325.215pt>
File: TP_ultime_files/figure-latex/unnamed-chunk-206-1.pdf Graphic file (type pdf)
<use TP_ultime_files/figure-latex/unnamed-chunk-206-1.pdf>
Package pdftex.def Info: TP_ultime_files/figure-latex/unnamed-chunk-206-1.pdf  used on input line 3696.
(pdftex.def)             Requested size: 375.80452pt x 260.17235pt.
[64 <./TP_ultime_files/figure-latex/unnamed-chunk-206-1.pdf>]
<TP_ultime_files/figure-latex/unnamed-chunk-208-1.pdf, id=871, 469.755pt x 325.215pt>
File: TP_ultime_files/figure-latex/unnamed-chunk-208-1.pdf Graphic file (type pdf)
<use TP_ultime_files/figure-latex/unnamed-chunk-208-1.pdf>
Package pdftex.def Info: TP_ultime_files/figure-latex/unnamed-chunk-208-1.pdf  used on input line 3720.
(pdftex.def)             Requested size: 375.80452pt x 260.17235pt.
[65 <./TP_ultime_files/figure-latex/unnamed-chunk-208-1.pdf>]
<TP_ultime_files/figure-latex/unnamed-chunk-211-1.pdf, id=882, 469.755pt x 325.215pt>
File: TP_ultime_files/figure-latex/unnamed-chunk-211-1.pdf Graphic file (type pdf)
<use TP_ultime_files/figure-latex/unnamed-chunk-211-1.pdf>
Package pdftex.def Info: TP_ultime_files/figure-latex/unnamed-chunk-211-1.pdf  used on input line 3736.
(pdftex.def)             Requested size: 375.80452pt x 260.17235pt.
[66 <./TP_ultime_files/figure-latex/unnamed-chunk-211-1.pdf>] [67]
<TP_ultime_files/figure-latex/unnamed-chunk-217-1.pdf, id=903, 469.755pt x 325.215pt>
File: TP_ultime_files/figure-latex/unnamed-chunk-217-1.pdf Graphic file (type pdf)
<use TP_ultime_files/figure-latex/unnamed-chunk-217-1.pdf>
Package pdftex.def Info: TP_ultime_files/figure-latex/unnamed-chunk-217-1.pdf  used on input line 3862.
(pdftex.def)             Requested size: 375.80452pt x 260.17235pt.
[68 <./TP_ultime_files/figure-latex/unnamed-chunk-217-1.pdf>]
<TP_ultime_files/figure-latex/unnamed-chunk-220-1.pdf, id=916, 469.755pt x 325.215pt>
File: TP_ultime_files/figure-latex/unnamed-chunk-220-1.pdf Graphic file (type pdf)
<use TP_ultime_files/figure-latex/unnamed-chunk-220-1.pdf>
Package pdftex.def Info: TP_ultime_files/figure-latex/unnamed-chunk-220-1.pdf  used on input line 3919.
(pdftex.def)             Requested size: 375.80452pt x 260.17235pt.
[69 <./TP_ultime_files/figure-latex/unnamed-chunk-220-1.pdf>]
<TP_ultime_files/figure-latex/unnamed-chunk-222-1.pdf, id=929, 469.755pt x 325.215pt>
File: TP_ultime_files/figure-latex/unnamed-chunk-222-1.pdf Graphic file (type pdf)
<use TP_ultime_files/figure-latex/unnamed-chunk-222-1.pdf>
Package pdftex.def Info: TP_ultime_files/figure-latex/unnamed-chunk-222-1.pdf  used on input line 3953.
(pdftex.def)             Requested size: 375.80452pt x 260.17235pt.
[70 <./TP_ultime_files/figure-latex/unnamed-chunk-222-1.pdf>]
<TP_ultime_files/figure-latex/unnamed-chunk-225-1.pdf, id=941, 469.755pt x 325.215pt>
File: TP_ultime_files/figure-latex/unnamed-chunk-225-1.pdf Graphic file (type pdf)
<use TP_ultime_files/figure-latex/unnamed-chunk-225-1.pdf>
Package pdftex.def Info: TP_ultime_files/figure-latex/unnamed-chunk-225-1.pdf  used on input line 4012.
(pdftex.def)             Requested size: 375.80452pt x 260.17235pt.
[71 <./TP_ultime_files/figure-latex/unnamed-chunk-225-1.pdf>]
<TP_ultime_files/figure-latex/unnamed-chunk-227-1.pdf, id=953, 469.755pt x 325.215pt>
File: TP_ultime_files/figure-latex/unnamed-chunk-227-1.pdf Graphic file (type pdf)
<use TP_ultime_files/figure-latex/unnamed-chunk-227-1.pdf>
Package pdftex.def Info: TP_ultime_files/figure-latex/unnamed-chunk-227-1.pdf  used on input line 4046.
(pdftex.def)             Requested size: 375.80452pt x 260.17235pt.
[72 <./TP_ultime_files/figure-latex/unnamed-chunk-227-1.pdf>]
<TP_ultime_files/figure-latex/unnamed-chunk-228-1.pdf, id=965, 469.755pt x 325.215pt>
File: TP_ultime_files/figure-latex/unnamed-chunk-228-1.pdf Graphic file (type pdf)
<use TP_ultime_files/figure-latex/unnamed-chunk-228-1.pdf>
Package pdftex.def Info: TP_ultime_files/figure-latex/unnamed-chunk-228-1.pdf  used on input line 4062.
(pdftex.def)             Requested size: 375.80452pt x 260.17235pt.
[73 <./TP_ultime_files/figure-latex/unnamed-chunk-228-1.pdf>]
<TP_ultime_files/figure-latex/unnamed-chunk-230-1.pdf, id=978, 469.755pt x 325.215pt>
File: TP_ultime_files/figure-latex/unnamed-chunk-230-1.pdf Graphic file (type pdf)
<use TP_ultime_files/figure-latex/unnamed-chunk-230-1.pdf>
Package pdftex.def Info: TP_ultime_files/figure-latex/unnamed-chunk-230-1.pdf  used on input line 4110.
(pdftex.def)             Requested size: 375.80452pt x 260.17235pt.
[74 <./TP_ultime_files/figure-latex/unnamed-chunk-230-1.pdf>]
<TP_ultime_files/figure-latex/unnamed-chunk-232-1.pdf, id=991, 469.755pt x 325.215pt>
File: TP_ultime_files/figure-latex/unnamed-chunk-232-1.pdf Graphic file (type pdf)
<use TP_ultime_files/figure-latex/unnamed-chunk-232-1.pdf>
Package pdftex.def Info: TP_ultime_files/figure-latex/unnamed-chunk-232-1.pdf  used on input line 4128.
(pdftex.def)             Requested size: 375.80452pt x 260.17235pt.
[75 <./TP_ultime_files/figure-latex/unnamed-chunk-232-1.pdf>] [76] [77] [78] [79]
<TP_ultime_files/figure-latex/unnamed-chunk-243-1.pdf, id=1032, 469.755pt x 325.215pt>
File: TP_ultime_files/figure-latex/unnamed-chunk-243-1.pdf Graphic file (type pdf)
<use TP_ultime_files/figure-latex/unnamed-chunk-243-1.pdf>
Package pdftex.def Info: TP_ultime_files/figure-latex/unnamed-chunk-243-1.pdf  used on input line 4416.
(pdftex.def)             Requested size: 375.80452pt x 260.17235pt.
[80 <./TP_ultime_files/figure-latex/unnamed-chunk-243-1.pdf>]
<TP_ultime_files/figure-latex/unnamed-chunk-245-1.pdf, id=1043, 469.755pt x 325.215pt>
File: TP_ultime_files/figure-latex/unnamed-chunk-245-1.pdf Graphic file (type pdf)
<use TP_ultime_files/figure-latex/unnamed-chunk-245-1.pdf>
Package pdftex.def Info: TP_ultime_files/figure-latex/unnamed-chunk-245-1.pdf  used on input line 4439.
(pdftex.def)             Requested size: 375.80452pt x 260.17235pt.
[81 <./TP_ultime_files/figure-latex/unnamed-chunk-245-1.pdf>]
<TP_ultime_files/figure-latex/unnamed-chunk-247-1.pdf, id=1056, 469.755pt x 325.215pt>
File: TP_ultime_files/figure-latex/unnamed-chunk-247-1.pdf Graphic file (type pdf)
<use TP_ultime_files/figure-latex/unnamed-chunk-247-1.pdf>
Package pdftex.def Info: TP_ultime_files/figure-latex/unnamed-chunk-247-1.pdf  used on input line 4488.
(pdftex.def)             Requested size: 375.80452pt x 260.17235pt.
[82 <./TP_ultime_files/figure-latex/unnamed-chunk-247-1.pdf>]
<TP_ultime_files/figure-latex/unnamed-chunk-249-1.pdf, id=1069, 469.755pt x 325.215pt>
File: TP_ultime_files/figure-latex/unnamed-chunk-249-1.pdf Graphic file (type pdf)
<use TP_ultime_files/figure-latex/unnamed-chunk-249-1.pdf>
Package pdftex.def Info: TP_ultime_files/figure-latex/unnamed-chunk-249-1.pdf  used on input line 4516.
(pdftex.def)             Requested size: 375.80452pt x 260.17235pt.
[83 <./TP_ultime_files/figure-latex/unnamed-chunk-249-1.pdf>]
<TP_ultime_files/figure-latex/unnamed-chunk-251-1.pdf, id=1082, 469.755pt x 325.215pt>
File: TP_ultime_files/figure-latex/unnamed-chunk-251-1.pdf Graphic file (type pdf)
<use TP_ultime_files/figure-latex/unnamed-chunk-251-1.pdf>
Package pdftex.def Info: TP_ultime_files/figure-latex/unnamed-chunk-251-1.pdf  used on input line 4562.
(pdftex.def)             Requested size: 375.80452pt x 260.17235pt.
[84 <./TP_ultime_files/figure-latex/unnamed-chunk-251-1.pdf>]
<TP_ultime_files/figure-latex/unnamed-chunk-252-1.pdf, id=1094, 469.755pt x 325.215pt>
File: TP_ultime_files/figure-latex/unnamed-chunk-252-1.pdf Graphic file (type pdf)
<use TP_ultime_files/figure-latex/unnamed-chunk-252-1.pdf>
Package pdftex.def Info: TP_ultime_files/figure-latex/unnamed-chunk-252-1.pdf  used on input line 4591.
(pdftex.def)             Requested size: 375.80452pt x 260.17235pt.
[85 <./TP_ultime_files/figure-latex/unnamed-chunk-252-1.pdf>] (./TP_ultime.aux)
Package rerunfilecheck Info: File `TP_ultime.out' has not changed.
(rerunfilecheck)             Checksum: 91DB1A76CF5F08CFF5019903AF0CB72D;5344.
 ) 
Here is how much of TeX's memory you used:
 12318 strings out of 476931
 209700 string characters out of 5823353
 548944 words of memory out of 5000000
 32980 multiletter control sequences out of 15000+600000
 500177 words of font info for 52 fonts, out of 8000000 for 9000
 14 hyphenation exceptions out of 8191
 72i,7n,77p,531b,582s stack positions out of 10000i,1000n,20000p,200000b,200000s
{c:/Users/ilias/AppData/Roaming/TinyTeX/texmf-dist/fonts/enc/dvips/lm/lm-mathsy.enc}{c:/Users/ilias/AppData/Roaming/TinyTeX/texmf-dist/fonts/enc/dvips/lm/lm-mathit.enc}{c:/Users/ilias/AppData/Roaming/TinyTeX/texmf-dist/fonts/enc/dvips/lm/lm-ts1.enc}{c:/Users/ilias/AppData/Roaming/TinyTeX/texmf-dist/fonts/enc/dvips/lm/lm-rm.enc}{c:/Users/ilias/AppData/Roaming/TinyTeX/texmf-dist/fonts/enc/dvips/lm/lm-ec.enc}<c:/Users/ilias/AppData/Roaming/TinyTeX/texmf-dist/fonts/type1/public/lm/lmbx10.pfb><c:/Users/ilias/AppData/Roaming/TinyTeX/texmf-dist/fonts/type1/public/lm/lmbx12.pfb><c:/Users/ilias/AppData/Roaming/TinyTeX/texmf-dist/fonts/type1/public/lm/lmmi10.pfb><c:/Users/ilias/AppData/Roaming/TinyTeX/texmf-dist/fonts/type1/public/lm/lmmi7.pfb><c:/Users/ilias/AppData/Roaming/TinyTeX/texmf-dist/fonts/type1/public/lm/lmr10.pfb><c:/Users/ilias/AppData/Roaming/TinyTeX/texmf-dist/fonts/type1/public/lm/lmr7.pfb><c:/Users/ilias/AppData/Roaming/TinyTeX/texmf-dist/fonts/type1/public/lm/lmsy10.pfb><c:/Users/ilias/AppData/Roaming/TinyTeX/texmf-dist/fonts/type1/public/lm/lmsy7.pfb><c:/Users/ilias/AppData/Roaming/TinyTeX/texmf-dist/fonts/type1/public/lm/lmtt10.pfb>
Output written on TP_ultime.pdf (85 pages, 618002 bytes).
PDF statistics:
 1233 PDF objects out of 1440 (max. 8388607)
 1003 compressed objects within 11 object streams
 343 named destinations out of 1000 (max. 500000)
 506 words of extra memory for PDF output out of 10000 (max. 10000000)

